
test init:
   [delete] Deleting directory E:\Documents\TestInterface\TestInterface15\bin
   [delete] Deleting directory E:\Documents\TestInterface\TestInterface15\report
    [mkdir] Created dir: E:\Documents\TestInterface\TestInterface15\bin
    [mkdir] Created dir: E:\Documents\TestInterface\TestInterface15\report

compile:
    [javac] Compiling 2 source files to E:\Documents\TestInterface\TestInterface15\bin
    [javac] 注: E:\Documents\TestInterface\TestInterface15\src\com\dealmoon\testinterface\MyUtils.java使用或覆盖了已过时的 API。
    [javac] 注: 有关详细信息, 请使用 -Xlint:deprecation 重新编译。
    [javac] 注: 某些输入文件使用了未经检查或不安全的操作。
    [javac] 注: 有关详细信息, 请使用 -Xlint:unchecked 重新编译。
     [echo] compilation complete!

test compile:
    [javac] Compiling 34 source files to E:\Documents\TestInterface\TestInterface15\bin
    [javac] 注: 某些输入文件使用了未经检查或不安全的操作。
    [javac] 注: 有关详细信息, 请使用 -Xlint:unchecked 重新编译。
     [echo] test compilation complete!

copy:

junit and report:
    [junit] WARNING: multiple versions of ant detected in path for junit 
         jar:file:/E:/eclipse/plugins/org.apache.ant_1.9.2.v201404171502/lib/ant.jar!/org/apache/tools/ant/Project.class
     and jar:file:/E:/Documents/TestInterface/TestInterface15/lib/ant.jar!/org/apache/tools/ant/Project.class
    [junit] Running com.dealmoon.testinterface.app.TestBrandAddLike
    [junit] Testsuite: com.dealmoon.testinterface.app.TestBrandAddLike
    [junit] Tests run: 0, Failures: 0, Errors: 1, Skipped: 0, Time elapsed: 0.76 sec
    [junit] Tests run: 0, Failures: 0, Errors: 1, Skipped: 0, Time elapsed: 0.76 sec
    [junit] 
    [junit] Testcase: com.dealmoon.testinterface.app.TestBrandAddLike took 0 sec
    [junit] 	Caused an ERROR
    [junit] bound must be positive
    [junit] java.lang.IllegalArgumentException: bound must be positive
    [junit] 	at java.util.Random.nextInt(Random.java:388)
    [junit] 	at com.dealmoon.testinterface.MyUtils.getRandomIdToken(Unknown Source)
    [junit] 	at com.dealmoon.testinterface.app.TestBrandAddLike.init(Unknown Source)
    [junit] 
    [junit] Test com.dealmoon.testinterface.app.TestBrandAddLike FAILED
    [junit] Running com.dealmoon.testinterface.app.TestBrandDelLike
    [junit] Testsuite: com.dealmoon.testinterface.app.TestBrandDelLike
    [junit] Tests run: 0, Failures: 0, Errors: 1, Skipped: 0, Time elapsed: 0.768 sec
    [junit] Tests run: 0, Failures: 0, Errors: 1, Skipped: 0, Time elapsed: 0.768 sec
    [junit] 
    [junit] Testcase: com.dealmoon.testinterface.app.TestBrandDelLike took 0 sec
    [junit] 	Caused an ERROR
    [junit] bound must be positive
    [junit] java.lang.IllegalArgumentException: bound must be positive
    [junit] 	at java.util.Random.nextInt(Random.java:388)
    [junit] 	at com.dealmoon.testinterface.MyUtils.getRandomIdToken(Unknown Source)
    [junit] 	at com.dealmoon.testinterface.app.TestBrandDelLike.init(Unknown Source)
    [junit] 
    [junit] Test com.dealmoon.testinterface.app.TestBrandDelLike FAILED
    [junit] Running com.dealmoon.testinterface.app.TestBrandLikeList
    [junit] Testsuite: com.dealmoon.testinterface.app.TestBrandLikeList
    [junit] Tests run: 0, Failures: 0, Errors: 1, Skipped: 0, Time elapsed: 0.624 sec
    [junit] Tests run: 0, Failures: 0, Errors: 1, Skipped: 0, Time elapsed: 0.624 sec
    [junit] 
    [junit] Testcase: com.dealmoon.testinterface.app.TestBrandLikeList took 0 sec
    [junit] 	Caused an ERROR
    [junit] bound must be positive
    [junit] java.lang.IllegalArgumentException: bound must be positive
    [junit] 	at java.util.Random.nextInt(Random.java:388)
    [junit] 	at com.dealmoon.testinterface.MyUtils.getRandomIdToken(Unknown Source)
    [junit] 	at com.dealmoon.testinterface.app.TestBrandLikeList.init(Unknown Source)
    [junit] 
    [junit] Test com.dealmoon.testinterface.app.TestBrandLikeList FAILED
    [junit] Running com.dealmoon.testinterface.app.TestBrandList
    [junit] Testsuite: com.dealmoon.testinterface.app.TestBrandList
    [junit] Tests run: 5, Failures: 0, Errors: 0, Skipped: 0, Time elapsed: 3.794 sec
    [junit] Tests run: 5, Failures: 0, Errors: 0, Skipped: 0, Time elapsed: 3.794 sec
    [junit] 
    [junit] Testcase: testBrandNameNull took 1.113 sec
    [junit] Testcase: testCodeZero took 0.47 sec
    [junit] Testcase: testBrandsNotNull took 0.7 sec
    [junit] Testcase: testBrandNameAsterisk took 0.43 sec
    [junit] Testcase: testResponseDataNotNull took 0.46 sec
    [junit] Running com.dealmoon.testinterface.app.TestCategoryList
    [junit] Testsuite: com.dealmoon.testinterface.app.TestCategoryList
    [junit] Tests run: 3, Failures: 1, Errors: 0, Skipped: 0, Time elapsed: 4.546 sec
    [junit] Tests run: 3, Failures: 1, Errors: 0, Skipped: 0, Time elapsed: 4.546 sec
    [junit] 
    [junit] Testcase: testCategoriesNotNull took 1.895 sec
    [junit] Testcase: testCodeZero took 1.65 sec
    [junit] Testcase: testResponseDataNotNull took 0.39 sec
    [junit] 	FAILED
    [junit] Error:The responseData is null
    [junit] junit.framework.AssertionFailedError: Error:The responseData is null
    [junit] 	at com.dealmoon.testinterface.app.TestCategoryList.testResponseDataNotNull(Unknown Source)
    [junit] 
    [junit] Test com.dealmoon.testinterface.app.TestCategoryList FAILED
    [junit] Running com.dealmoon.testinterface.app.TestDealSubscriptionGetUnRead
    [junit] Testsuite: com.dealmoon.testinterface.app.TestDealSubscriptionGetUnRead
    [junit] Tests run: 0, Failures: 0, Errors: 1, Skipped: 0, Time elapsed: 0.572 sec
    [junit] Tests run: 0, Failures: 0, Errors: 1, Skipped: 0, Time elapsed: 0.572 sec
    [junit] 
    [junit] Testcase: com.dealmoon.testinterface.app.TestDealSubscriptionGetUnRead took 0 sec
    [junit] 	Caused an ERROR
    [junit] bound must be positive
    [junit] java.lang.IllegalArgumentException: bound must be positive
    [junit] 	at java.util.Random.nextInt(Random.java:388)
    [junit] 	at com.dealmoon.testinterface.MyUtils.getRandomToken(Unknown Source)
    [junit] 	at com.dealmoon.testinterface.app.TestDealSubscriptionGetUnRead.init(Unknown Source)
    [junit] 
    [junit] Test com.dealmoon.testinterface.app.TestDealSubscriptionGetUnRead FAILED
    [junit] Running com.dealmoon.testinterface.app.TestHashTagRecommends
    [junit] Testsuite: com.dealmoon.testinterface.app.TestHashTagRecommends
    [junit] Tests run: 3, Failures: 1, Errors: 1, Skipped: 0, Time elapsed: 2.156 sec
    [junit] Tests run: 3, Failures: 1, Errors: 1, Skipped: 0, Time elapsed: 2.156 sec
    [junit] 
    [junit] Testcase: testCodeZero took 0.782 sec
    [junit] Testcase: testTagsNotNull took 0.41 sec
    [junit] 	Caused an ERROR
    [junit] null object
    [junit] net.sf.json.JSONException: null object
    [junit] 	at net.sf.json.JSONObject.verifyIsNull(JSONObject.java:2875)
    [junit] 	at net.sf.json.JSONObject.getJSONArray(JSONObject.java:2138)
    [junit] 	at com.dealmoon.testinterface.app.TestHashTagRecommends.testTagsNotNull(Unknown Source)
    [junit] 
    [junit] Testcase: testResponseDataNotNull took 0.38 sec
    [junit] 	FAILED
    [junit] Error:The responseData is null
    [junit] junit.framework.AssertionFailedError: Error:The responseData is null
    [junit] 	at com.dealmoon.testinterface.app.TestHashTagRecommends.testResponseDataNotNull(Unknown Source)
    [junit] 
    [junit] Test com.dealmoon.testinterface.app.TestHashTagRecommends FAILED
    [junit] Running com.dealmoon.testinterface.app.TestHashTagSearch
    [junit] Testsuite: com.dealmoon.testinterface.app.TestHashTagSearch
    [junit] Tests run: 6, Failures: 0, Errors: 6, Skipped: 0, Time elapsed: 3.824 sec
    [junit] Tests run: 6, Failures: 0, Errors: 6, Skipped: 0, Time elapsed: 3.824 sec
    [junit] 
    [junit] Testcase: testSearchNull took 0.567 sec
    [junit] 	Caused an ERROR
    [junit] A JSONObject text must begin with '{' at character 0 of 
    [junit] net.sf.json.JSONException: A JSONObject text must begin with '{' at character 0 of 
    [junit] 	at net.sf.json.util.JSONTokener.syntaxError(JSONTokener.java:527)
    [junit] 	at net.sf.json.JSONObject._fromJSONTokener(JSONObject.java:1112)
    [junit] 	at net.sf.json.JSONObject._fromString(JSONObject.java:1337)
    [junit] 	at net.sf.json.JSONObject.fromObject(JSONObject.java:187)
    [junit] 	at net.sf.json.JSONObject.fromObject(JSONObject.java:156)
    [junit] 	at com.dealmoon.testinterface.app.TestHashTagSearch.testSearchNull(Unknown Source)
    [junit] 
    [junit] Testcase: testCodeZero took 0.53 sec
    [junit] 	Caused an ERROR
    [junit] A JSONObject text must begin with '{' at character 0 of 
    [junit] net.sf.json.JSONException: A JSONObject text must begin with '{' at character 0 of 
    [junit] 	at net.sf.json.util.JSONTokener.syntaxError(JSONTokener.java:527)
    [junit] 	at net.sf.json.JSONObject._fromJSONTokener(JSONObject.java:1112)
    [junit] 	at net.sf.json.JSONObject._fromString(JSONObject.java:1337)
    [junit] 	at net.sf.json.JSONObject.fromObject(JSONObject.java:187)
    [junit] 	at net.sf.json.JSONObject.fromObject(JSONObject.java:156)
    [junit] 	at com.dealmoon.testinterface.app.TestHashTagSearch.testCodeZero(Unknown Source)
    [junit] 
    [junit] Testcase: testTagsNotNull took 0.54 sec
    [junit] 	Caused an ERROR
    [junit] A JSONObject text must begin with '{' at character 0 of 
    [junit] net.sf.json.JSONException: A JSONObject text must begin with '{' at character 0 of 
    [junit] 	at net.sf.json.util.JSONTokener.syntaxError(JSONTokener.java:527)
    [junit] 	at net.sf.json.JSONObject._fromJSONTokener(JSONObject.java:1112)
    [junit] 	at net.sf.json.JSONObject._fromString(JSONObject.java:1337)
    [junit] 	at net.sf.json.JSONObject.fromObject(JSONObject.java:187)
    [junit] 	at net.sf.json.JSONObject.fromObject(JSONObject.java:156)
    [junit] 	at com.dealmoon.testinterface.app.TestHashTagSearch.testTagsNotNull(Unknown Source)
    [junit] 
    [junit] Testcase: testSearchAsterisk took 0.52 sec
    [junit] 	Caused an ERROR
    [junit] A JSONObject text must begin with '{' at character 0 of 
    [junit] net.sf.json.JSONException: A JSONObject text must begin with '{' at character 0 of 
    [junit] 	at net.sf.json.util.JSONTokener.syntaxError(JSONTokener.java:527)
    [junit] 	at net.sf.json.JSONObject._fromJSONTokener(JSONObject.java:1112)
    [junit] 	at net.sf.json.JSONObject._fromString(JSONObject.java:1337)
    [junit] 	at net.sf.json.JSONObject.fromObject(JSONObject.java:187)
    [junit] 	at net.sf.json.JSONObject.fromObject(JSONObject.java:156)
    [junit] 	at com.dealmoon.testinterface.app.TestHashTagSearch.testSearchAsterisk(Unknown Source)
    [junit] 
    [junit] Testcase: testSearchSemicolon took 0.52 sec
    [junit] 	Caused an ERROR
    [junit] A JSONObject text must begin with '{' at character 0 of 
    [junit] net.sf.json.JSONException: A JSONObject text must begin with '{' at character 0 of 
    [junit] 	at net.sf.json.util.JSONTokener.syntaxError(JSONTokener.java:527)
    [junit] 	at net.sf.json.JSONObject._fromJSONTokener(JSONObject.java:1112)
    [junit] 	at net.sf.json.JSONObject._fromString(JSONObject.java:1337)
    [junit] 	at net.sf.json.JSONObject.fromObject(JSONObject.java:187)
    [junit] 	at net.sf.json.JSONObject.fromObject(JSONObject.java:156)
    [junit] 	at com.dealmoon.testinterface.app.TestHashTagSearch.testSearchSemicolon(Unknown Source)
    [junit] 
    [junit] Testcase: testResponseDataNotNull took 0.52 sec
    [junit] 	Caused an ERROR
    [junit] A JSONObject text must begin with '{' at character 0 of 
    [junit] net.sf.json.JSONException: A JSONObject text must begin with '{' at character 0 of 
    [junit] 	at net.sf.json.util.JSONTokener.syntaxError(JSONTokener.java:527)
    [junit] 	at net.sf.json.JSONObject._fromJSONTokener(JSONObject.java:1112)
    [junit] 	at net.sf.json.JSONObject._fromString(JSONObject.java:1337)
    [junit] 	at net.sf.json.JSONObject.fromObject(JSONObject.java:187)
    [junit] 	at net.sf.json.JSONObject.fromObject(JSONObject.java:156)
    [junit] 	at com.dealmoon.testinterface.app.TestHashTagSearch.testResponseDataNotNull(Unknown Source)
    [junit] 
    [junit] Test com.dealmoon.testinterface.app.TestHashTagSearch FAILED
    [junit] Running com.dealmoon.testinterface.app.TestMessageClear
    [junit] Testsuite: com.dealmoon.testinterface.app.TestMessageClear
    [junit] Tests run: 3, Failures: 1, Errors: 2, Skipped: 0, Time elapsed: 8.368 sec
    [junit] Tests run: 3, Failures: 1, Errors: 2, Skipped: 0, Time elapsed: 8.368 sec
    [junit] 
    [junit] Testcase: testCodeZero took 0.57 sec
    [junit] 	Caused an ERROR
    [junit] A JSONObject text must begin with '{' at character 0 of 
    [junit] net.sf.json.JSONException: A JSONObject text must begin with '{' at character 0 of 
    [junit] 	at net.sf.json.util.JSONTokener.syntaxError(JSONTokener.java:527)
    [junit] 	at net.sf.json.JSONObject._fromJSONTokener(JSONObject.java:1112)
    [junit] 	at net.sf.json.JSONObject._fromString(JSONObject.java:1337)
    [junit] 	at net.sf.json.JSONObject.fromObject(JSONObject.java:187)
    [junit] 	at net.sf.json.JSONObject.fromObject(JSONObject.java:156)
    [junit] 	at com.dealmoon.testinterface.app.TestMessageClear.testCodeZero(Unknown Source)
    [junit] 
    [junit] Testcase: testMustLogin took 0.55 sec
    [junit] 	Caused an ERROR
    [junit] A JSONObject text must begin with '{' at character 0 of 
    [junit] net.sf.json.JSONException: A JSONObject text must begin with '{' at character 0 of 
    [junit] 	at net.sf.json.util.JSONTokener.syntaxError(JSONTokener.java:527)
    [junit] 	at net.sf.json.JSONObject._fromJSONTokener(JSONObject.java:1112)
    [junit] 	at net.sf.json.JSONObject._fromString(JSONObject.java:1337)
    [junit] 	at net.sf.json.JSONObject.fromObject(JSONObject.java:187)
    [junit] 	at net.sf.json.JSONObject.fromObject(JSONObject.java:156)
    [junit] 	at com.dealmoon.testinterface.app.TestMessageClear.testMustLogin(Unknown Source)
    [junit] 
    [junit] Testcase: testNotFind took 6.642 sec
    [junit] 	FAILED
    [junit] Error:clear followd failed
    [junit] junit.framework.AssertionFailedError: Error:clear followd failed
    [junit] 	at com.dealmoon.testinterface.app.TestMessageClear.testNotFind(Unknown Source)
    [junit] 
    [junit] Test com.dealmoon.testinterface.app.TestMessageClear FAILED
    [junit] Running com.dealmoon.testinterface.app.TestMessageDelete
    [junit] Testsuite: com.dealmoon.testinterface.app.TestMessageDelete
    [junit] Tests run: 3, Failures: 0, Errors: 0, Skipped: 0, Time elapsed: 9.24 sec
    [junit] Tests run: 3, Failures: 0, Errors: 0, Skipped: 0, Time elapsed: 9.24 sec
    [junit] 
    [junit] Testcase: testCodeZero took 3.077 sec
    [junit] Testcase: testMustLogin took 0.523 sec
    [junit] Testcase: testNotFind took 4.979 sec
    [junit] Running com.dealmoon.testinterface.app.TestMessageGetList
    [junit] Testsuite: com.dealmoon.testinterface.app.TestMessageGetList
    [junit] Tests run: 6, Failures: 0, Errors: 3, Skipped: 0, Time elapsed: 12.17 sec
    [junit] Tests run: 6, Failures: 0, Errors: 3, Skipped: 0, Time elapsed: 12.17 sec
    [junit] 
    [junit] Testcase: testTypeFollowd took 2.48 sec
    [junit] 	Caused an ERROR
    [junit] JSONObject["followdNum"] is not a number.
    [junit] net.sf.json.JSONException: JSONObject["followdNum"] is not a number.
    [junit] 	at net.sf.json.JSONObject.getInt(JSONObject.java:2126)
    [junit] 	at com.dealmoon.testinterface.app.TestMessageGetList.testTypeFollowd(Unknown Source)
    [junit] 
    [junit] Testcase: testCodeZero took 2.669 sec
    [junit] Testcase: testTypeLike took 0.532 sec
    [junit] 	Caused an ERROR
    [junit] JSONObject["followdNum"] is not a number.
    [junit] net.sf.json.JSONException: JSONObject["followdNum"] is not a number.
    [junit] 	at net.sf.json.JSONObject.getInt(JSONObject.java:2126)
    [junit] 	at com.dealmoon.testinterface.app.TestMessageGetList.testTypeLike(Unknown Source)
    [junit] 
    [junit] Testcase: testTypeNull took 2.6 sec
    [junit] 	Caused an ERROR
    [junit] JSONObject["followdNum"] is not a number.
    [junit] net.sf.json.JSONException: JSONObject["followdNum"] is not a number.
    [junit] 	at net.sf.json.JSONObject.getInt(JSONObject.java:2126)
    [junit] 	at com.dealmoon.testinterface.app.TestMessageGetList.testTypeNull(Unknown Source)
    [junit] 
    [junit] Testcase: testMustLogin took 0.3 sec
    [junit] Testcase: testResponseDataNotNull took 2.96 sec
    [junit] Test com.dealmoon.testinterface.app.TestMessageGetList FAILED
    [junit] Running com.dealmoon.testinterface.app.TestMessageRead
    [junit] Testsuite: com.dealmoon.testinterface.app.TestMessageRead
